This file contains any messages produced by compilers while
running configure, to aid debugging if configure makes a mistake.

It was created by configure, which was
generated by GNU Autoconf 2.65.  Invocation command line was

  $ ./configure --enable-debug --with-tclconfig=/usr/lib/tcl8.4/ --with-tkconfig=/usr/lib/tk8.4/ --with-tclhdir=/usr/include/tcl8.4/ --with-tkhdir=/usr/include/tk8.4--with-SCALAR=double --with-XGRAFIX-lib=/home/ik/technion_position/Research/PIC/xgrafix_org/lib --with-XGRAFIX-include=/home/ik/technion_position/Research/PIC/xgrafix_org/src --prefix=/home/ik/technion_position/Research/PIC/xoopic_bohm1

## --------- ##
## Platform. ##
## --------- ##

hostname = IKlap
uname -m = x86_64
uname -r = 3.13.0-40-generic
uname -s = Linux
uname -v = #69-Ubuntu SMP Thu Nov 13 17:53:56 UTC 2014

/usr/bin/uname -p = unknown
/bin/uname -X     = unknown

/bin/arch              = unknown
/usr/bin/arch -k       = unknown
/usr/convex/getsysinfo = unknown
/usr/bin/hostinfo      = unknown
/bin/machine           = unknown
/usr/bin/oslevel       = unknown
/bin/universe          = unknown

PATH: /usr/local/sbin
PATH: /usr/local/bin
PATH: /usr/sbin
PATH: /usr/bin
PATH: /sbin
PATH: /bin
PATH: /usr/games
PATH: /usr/local/games


## ----------- ##
## Core tests. ##
## ----------- ##

configure:2431: checking for a BSD-compatible install
configure:2499: result: /usr/bin/install -c
configure:2510: checking whether build environment is sane
configure:2560: result: yes
configure:2701: checking for a thread-safe mkdir -p
configure:2740: result: /bin/mkdir -p
configure:2753: checking for gawk
configure:2783: result: no
configure:2753: checking for mawk
configure:2769: found /usr/bin/mawk
configure:2780: result: mawk
configure:2791: checking whether make sets $(MAKE)
configure:2813: result: yes
configure:2906: checking whether to enable maintainer-specific portions of Makefiles
configure:2915: result: no
configure:2955: checking build system type
configure:2969: result: x86_64-unknown-linux-gnu
configure:2989: checking host system type
configure:3002: result: x86_64-unknown-linux-gnu
configure:3097: checking for hdf5.h
configure:3127: result: /usr/include/hdf5.h
configure:3179: checking for libhdf5.a
configure:3205: result: no
configure:3219: checking for libhdf5
configure:3245: result: no
configure:3260: checking for libhdf5.dylib
configure:3286: result: no
configure:3299: WARNING: libhdf5.a(so,dylib) not found.  Use --with-hdf5-libdir=
configure:3582: WARNING: hdf5 not properly installed -- Turning off hdf5.
configure:3650: checking for style of include used by make
configure:3678: result: GNU
configure:3748: checking for gcc
configure:3775: result: gcc
configure:4004: checking for C compiler version
configure:4013: gcc --version >&5
gcc (Ubuntu 4.8.2-19ubuntu1) 4.8.2
Copyright (C) 2013 Free Software Foundation, Inc.
This is free software; see the source for copying conditions.  There is NO
warranty; not even for MERCHANTABILITY or FITNESS FOR A PARTICULAR PURPOSE.

configure:4024: $? = 0
configure:4013: gcc -v >&5
Using built-in specs.
COLLECT_GCC=gcc
COLLECT_LTO_WRAPPER=/usr/lib/gcc/x86_64-linux-gnu/4.8/lto-wrapper
Target: x86_64-linux-gnu
Configured with: ../src/configure -v --with-pkgversion='Ubuntu 4.8.2-19ubuntu1' --with-bugurl=file:///usr/share/doc/gcc-4.8/README.Bugs --enable-languages=c,c++,java,go,d,fortran,objc,obj-c++ --prefix=/usr --program-suffix=-4.8 --enable-shared --enable-linker-build-id --libexecdir=/usr/lib --without-included-gettext --enable-threads=posix --with-gxx-include-dir=/usr/include/c++/4.8 --libdir=/usr/lib --enable-nls --with-sysroot=/ --enable-clocale=gnu --enable-libstdcxx-debug --enable-libstdcxx-time=yes --enable-gnu-unique-object --disable-libmudflap --enable-plugin --with-system-zlib --disable-browser-plugin --enable-java-awt=gtk --enable-gtk-cairo --with-java-home=/usr/lib/jvm/java-1.5.0-gcj-4.8-amd64/jre --enable-java-home --with-jvm-root-dir=/usr/lib/jvm/java-1.5.0-gcj-4.8-amd64 --with-jvm-jar-dir=/usr/lib/jvm-exports/java-1.5.0-gcj-4.8-amd64 --with-arch-directory=amd64 --with-ecj-jar=/usr/share/java/eclipse-ecj.jar --enable-objc-gc --enable-multiarch --disable-werror --with-arch-32=i686 --with-abi=m64 --with-multilib-list=m32,m64,mx32 --with-tune=generic --enable-checking=release --build=x86_64-linux-gnu --host=x86_64-linux-gnu --target=x86_64-linux-gnu
Thread model: posix
gcc version 4.8.2 (Ubuntu 4.8.2-19ubuntu1) 
configure:4024: $? = 0
configure:4013: gcc -V >&5
gcc: error: unrecognized command line option '-V'
gcc: fatal error: no input files
compilation terminated.
configure:4024: $? = 4
configure:4013: gcc -qversion >&5
gcc: error: unrecognized command line option '-qversion'
gcc: fatal error: no input files
compilation terminated.
configure:4024: $? = 4
configure:4044: checking whether the C compiler works
configure:4066: gcc    conftest.c  >&5
configure:4070: $? = 0
configure:4119: result: yes
configure:4122: checking for C compiler default output file name
configure:4124: result: a.out
configure:4130: checking for suffix of executables
configure:4137: gcc -o conftest    conftest.c  >&5
configure:4141: $? = 0
configure:4163: result: 
configure:4185: checking whether we are cross compiling
configure:4193: gcc -o conftest    conftest.c  >&5
configure:4197: $? = 0
configure:4204: ./conftest
configure:4208: $? = 0
configure:4223: result: no
configure:4228: checking for suffix of object files
configure:4250: gcc -c   conftest.c >&5
configure:4254: $? = 0
configure:4275: result: o
configure:4279: checking whether we are using the GNU C compiler
configure:4298: gcc -c   conftest.c >&5
configure:4298: $? = 0
configure:4307: result: yes
configure:4316: checking whether gcc accepts -g
configure:4336: gcc -c -g  conftest.c >&5
configure:4336: $? = 0
configure:4377: result: yes
configure:4394: checking for gcc option to accept ISO C89
configure:4458: gcc  -c -g -O2  conftest.c >&5
configure:4458: $? = 0
configure:4471: result: none needed
configure:4493: checking dependency style of gcc
configure:4603: result: gcc3
configure:4619: checking for library containing strerror
configure:4650: gcc -o conftest -g -O2   conftest.c  >&5
configure:4650: $? = 0
configure:4667: result: none required
configure:4675: checking whether time.h and sys/time.h may both be included
configure:4695: gcc -c -g -O2  conftest.c >&5
configure:4695: $? = 0
configure:4702: result: yes
configure:4773: checking for g++
configure:4791: found /usr/bin/g++
configure:4803: result: /usr/bin/g++
configure:4940: checking g++ version
configure:4961: result: g++
configure:5014: WARNING: Caution: version  is not known to work.
configure:5118: checking for -fsquangle
configure:5144: result: no
configure:5531: checking how to build libraries
configure:5536: result: with ar cr  
configure:5557: checking for gcc
configure:5575: found /usr/bin/gcc
configure:5587: result: /usr/bin/gcc
configure:6378: checking for gcc
configure:6405: result: gcc
configure:6634: checking for C compiler version
configure:6643: gcc --version >&5
gcc (Ubuntu 4.8.2-19ubuntu1) 4.8.2
Copyright (C) 2013 Free Software Foundation, Inc.
This is free software; see the source for copying conditions.  There is NO
warranty; not even for MERCHANTABILITY or FITNESS FOR A PARTICULAR PURPOSE.

configure:6654: $? = 0
configure:6643: gcc -v >&5
Using built-in specs.
COLLECT_GCC=gcc
COLLECT_LTO_WRAPPER=/usr/lib/gcc/x86_64-linux-gnu/4.8/lto-wrapper
Target: x86_64-linux-gnu
Configured with: ../src/configure -v --with-pkgversion='Ubuntu 4.8.2-19ubuntu1' --with-bugurl=file:///usr/share/doc/gcc-4.8/README.Bugs --enable-languages=c,c++,java,go,d,fortran,objc,obj-c++ --prefix=/usr --program-suffix=-4.8 --enable-shared --enable-linker-build-id --libexecdir=/usr/lib --without-included-gettext --enable-threads=posix --with-gxx-include-dir=/usr/include/c++/4.8 --libdir=/usr/lib --enable-nls --with-sysroot=/ --enable-clocale=gnu --enable-libstdcxx-debug --enable-libstdcxx-time=yes --enable-gnu-unique-object --disable-libmudflap --enable-plugin --with-system-zlib --disable-browser-plugin --enable-java-awt=gtk --enable-gtk-cairo --with-java-home=/usr/lib/jvm/java-1.5.0-gcj-4.8-amd64/jre --enable-java-home --with-jvm-root-dir=/usr/lib/jvm/java-1.5.0-gcj-4.8-amd64 --with-jvm-jar-dir=/usr/lib/jvm-exports/java-1.5.0-gcj-4.8-amd64 --with-arch-directory=amd64 --with-ecj-jar=/usr/share/java/eclipse-ecj.jar --enable-objc-gc --enable-multiarch --disable-werror --with-arch-32=i686 --with-abi=m64 --with-multilib-list=m32,m64,mx32 --with-tune=generic --enable-checking=release --build=x86_64-linux-gnu --host=x86_64-linux-gnu --target=x86_64-linux-gnu
Thread model: posix
gcc version 4.8.2 (Ubuntu 4.8.2-19ubuntu1) 
configure:6654: $? = 0
configure:6643: gcc -V >&5
gcc: error: unrecognized command line option '-V'
gcc: fatal error: no input files
compilation terminated.
configure:6654: $? = 4
configure:6643: gcc -qversion >&5
gcc: error: unrecognized command line option '-qversion'
gcc: fatal error: no input files
compilation terminated.
configure:6654: $? = 4
configure:6658: checking whether we are using the GNU C compiler
configure:6686: result: yes
configure:6695: checking whether gcc accepts -g
configure:6756: result: yes
configure:6773: checking for gcc option to accept ISO C89
configure:6850: result: none needed
configure:6872: checking dependency style of gcc
configure:6982: result: gcc3
configure:7109: checking for C++ compiler version
configure:7118: g++ --version >&5
g++ (Ubuntu 4.8.2-19ubuntu1) 4.8.2
Copyright (C) 2013 Free Software Foundation, Inc.
This is free software; see the source for copying conditions.  There is NO
warranty; not even for MERCHANTABILITY or FITNESS FOR A PARTICULAR PURPOSE.

configure:7129: $? = 0
configure:7118: g++ -v >&5
Using built-in specs.
COLLECT_GCC=g++
COLLECT_LTO_WRAPPER=/usr/lib/gcc/x86_64-linux-gnu/4.8/lto-wrapper
Target: x86_64-linux-gnu
Configured with: ../src/configure -v --with-pkgversion='Ubuntu 4.8.2-19ubuntu1' --with-bugurl=file:///usr/share/doc/gcc-4.8/README.Bugs --enable-languages=c,c++,java,go,d,fortran,objc,obj-c++ --prefix=/usr --program-suffix=-4.8 --enable-shared --enable-linker-build-id --libexecdir=/usr/lib --without-included-gettext --enable-threads=posix --with-gxx-include-dir=/usr/include/c++/4.8 --libdir=/usr/lib --enable-nls --with-sysroot=/ --enable-clocale=gnu --enable-libstdcxx-debug --enable-libstdcxx-time=yes --enable-gnu-unique-object --disable-libmudflap --enable-plugin --with-system-zlib --disable-browser-plugin --enable-java-awt=gtk --enable-gtk-cairo --with-java-home=/usr/lib/jvm/java-1.5.0-gcj-4.8-amd64/jre --enable-java-home --with-jvm-root-dir=/usr/lib/jvm/java-1.5.0-gcj-4.8-amd64 --with-jvm-jar-dir=/usr/lib/jvm-exports/java-1.5.0-gcj-4.8-amd64 --with-arch-directory=amd64 --with-ecj-jar=/usr/share/java/eclipse-ecj.jar --enable-objc-gc --enable-multiarch --disable-werror --with-arch-32=i686 --with-abi=m64 --with-multilib-list=m32,m64,mx32 --with-tune=generic --enable-checking=release --build=x86_64-linux-gnu --host=x86_64-linux-gnu --target=x86_64-linux-gnu
Thread model: posix
gcc version 4.8.2 (Ubuntu 4.8.2-19ubuntu1) 
configure:7129: $? = 0
configure:7118: g++ -V >&5
g++: error: unrecognized command line option '-V'
g++: fatal error: no input files
compilation terminated.
configure:7129: $? = 4
configure:7118: g++ -qversion >&5
g++: error: unrecognized command line option '-qversion'
g++: fatal error: no input files
compilation terminated.
configure:7129: $? = 4
configure:7133: checking whether we are using the GNU C++ compiler
configure:7152: g++ -c -Wall -Wno-unused  -g -DDEBUG -g -DDEBUG    conftest.cpp >&5
configure:7152: $? = 0
configure:7161: result: yes
configure:7170: checking whether g++ accepts -g
configure:7190: g++ -c -g  conftest.cpp >&5
configure:7190: $? = 0
configure:7231: result: yes
configure:7256: checking dependency style of g++
configure:7366: result: gcc3
configure:7386: checking how to run the C preprocessor
configure:7417: gcc -E  conftest.c
configure:7417: $? = 0
configure:7431: gcc -E  conftest.c
conftest.c:19:28: fatal error: ac_nonexistent.h: No such file or directory
 #include <ac_nonexistent.h>
                            ^
compilation terminated.
configure:7431: $? = 1
configure: failed program was:
| /* confdefs.h */
| #define PACKAGE_NAME ""
| #define PACKAGE_TARNAME ""
| #define PACKAGE_VERSION ""
| #define PACKAGE_STRING ""
| #define PACKAGE_BUGREPORT ""
| #define PACKAGE_URL ""
| #define PACKAGE "oopic"
| #define VERSION "2.6"
| #define HOSTTYPE "x86_64-unknown-linux-gnu"
| #define TIME_WITH_SYS_TIME 1
| #define CXX "g++"
| #define CXX_VERSION "g++"
| #define CXX_OPTIFLAGS "-g -DDEBUG"
| #define CXX_SHAREDLIBFLAGS "-shared"
| #define TOP_BUILDDIR "/home/ik/technion_position/Research/PIC/xoopic_bohm1"
| #define TOP_SRCDIR "/home/ik/technion_position/Research/PIC/xoopic_bohm1"
| /* end confdefs.h.  */
| #include <ac_nonexistent.h>
configure:7456: result: gcc -E
configure:7476: gcc -E  conftest.c
configure:7476: $? = 0
configure:7490: gcc -E  conftest.c
conftest.c:19:28: fatal error: ac_nonexistent.h: No such file or directory
 #include <ac_nonexistent.h>
                            ^
compilation terminated.
configure:7490: $? = 1
configure: failed program was:
| /* confdefs.h */
| #define PACKAGE_NAME ""
| #define PACKAGE_TARNAME ""
| #define PACKAGE_VERSION ""
| #define PACKAGE_STRING ""
| #define PACKAGE_BUGREPORT ""
| #define PACKAGE_URL ""
| #define PACKAGE "oopic"
| #define VERSION "2.6"
| #define HOSTTYPE "x86_64-unknown-linux-gnu"
| #define TIME_WITH_SYS_TIME 1
| #define CXX "g++"
| #define CXX_VERSION "g++"
| #define CXX_OPTIFLAGS "-g -DDEBUG"
| #define CXX_SHAREDLIBFLAGS "-shared"
| #define TOP_BUILDDIR "/home/ik/technion_position/Research/PIC/xoopic_bohm1"
| #define TOP_SRCDIR "/home/ik/technion_position/Research/PIC/xoopic_bohm1"
| /* end confdefs.h.  */
| #include <ac_nonexistent.h>
configure:7523: checking how to run the C++ preprocessor
configure:7550: g++ -E  conftest.cpp
configure:7550: $? = 0
configure:7564: g++ -E  conftest.cpp
conftest.cpp:19:28: fatal error: ac_nonexistent.h: No such file or directory
 #include <ac_nonexistent.h>
                            ^
compilation terminated.
configure:7564: $? = 1
configure: failed program was:
| /* confdefs.h */
| #define PACKAGE_NAME ""
| #define PACKAGE_TARNAME ""
| #define PACKAGE_VERSION ""
| #define PACKAGE_STRING ""
| #define PACKAGE_BUGREPORT ""
| #define PACKAGE_URL ""
| #define PACKAGE "oopic"
| #define VERSION "2.6"
| #define HOSTTYPE "x86_64-unknown-linux-gnu"
| #define TIME_WITH_SYS_TIME 1
| #define CXX "g++"
| #define CXX_VERSION "g++"
| #define CXX_OPTIFLAGS "-g -DDEBUG"
| #define CXX_SHAREDLIBFLAGS "-shared"
| #define TOP_BUILDDIR "/home/ik/technion_position/Research/PIC/xoopic_bohm1"
| #define TOP_SRCDIR "/home/ik/technion_position/Research/PIC/xoopic_bohm1"
| /* end confdefs.h.  */
| #include <ac_nonexistent.h>
configure:7589: result: g++ -E
configure:7609: g++ -E  conftest.cpp
configure:7609: $? = 0
configure:7623: g++ -E  conftest.cpp
conftest.cpp:19:28: fatal error: ac_nonexistent.h: No such file or directory
 #include <ac_nonexistent.h>
                            ^
compilation terminated.
configure:7623: $? = 1
configure: failed program was:
| /* confdefs.h */
| #define PACKAGE_NAME ""
| #define PACKAGE_TARNAME ""
| #define PACKAGE_VERSION ""
| #define PACKAGE_STRING ""
| #define PACKAGE_BUGREPORT ""
| #define PACKAGE_URL ""
| #define PACKAGE "oopic"
| #define VERSION "2.6"
| #define HOSTTYPE "x86_64-unknown-linux-gnu"
| #define TIME_WITH_SYS_TIME 1
| #define CXX "g++"
| #define CXX_VERSION "g++"
| #define CXX_OPTIFLAGS "-g -DDEBUG"
| #define CXX_SHAREDLIBFLAGS "-shared"
| #define TOP_BUILDDIR "/home/ik/technion_position/Research/PIC/xoopic_bohm1"
| #define TOP_SRCDIR "/home/ik/technion_position/Research/PIC/xoopic_bohm1"
| /* end confdefs.h.  */
| #include <ac_nonexistent.h>
configure:7662: checking for grep that handles long lines and -e
configure:7720: result: /bin/grep
configure:7725: checking for egrep
configure:7787: result: /bin/grep -E
configure:7792: checking for ANSI C header files
configure:7812: g++ -c -Wall -Wno-unused  -g -DDEBUG -g -DDEBUG    conftest.cpp >&5
configure:7812: $? = 0
configure:7885: g++ -o conftest -Wall -Wno-unused  -g -DDEBUG -g -DDEBUG      conftest.cpp  >&5
configure:7885: $? = 0
configure:7885: ./conftest
configure:7885: $? = 0
configure:7896: result: yes
configure:7909: checking for sys/types.h
configure:7909: g++ -c -Wall -Wno-unused  -g -DDEBUG -g -DDEBUG    conftest.cpp >&5
configure:7909: $? = 0
configure:7909: result: yes
configure:7909: checking for sys/stat.h
configure:7909: g++ -c -Wall -Wno-unused  -g -DDEBUG -g -DDEBUG    conftest.cpp >&5
configure:7909: $? = 0
configure:7909: result: yes
configure:7909: checking for stdlib.h
configure:7909: g++ -c -Wall -Wno-unused  -g -DDEBUG -g -DDEBUG    conftest.cpp >&5
configure:7909: $? = 0
configure:7909: result: yes
configure:7909: checking for string.h
configure:7909: g++ -c -Wall -Wno-unused  -g -DDEBUG -g -DDEBUG    conftest.cpp >&5
configure:7909: $? = 0
configure:7909: result: yes
configure:7909: checking for memory.h
configure:7909: g++ -c -Wall -Wno-unused  -g -DDEBUG -g -DDEBUG    conftest.cpp >&5
configure:7909: $? = 0
configure:7909: result: yes
configure:7909: checking for strings.h
configure:7909: g++ -c -Wall -Wno-unused  -g -DDEBUG -g -DDEBUG    conftest.cpp >&5
configure:7909: $? = 0
configure:7909: result: yes
configure:7909: checking for inttypes.h
configure:7909: g++ -c -Wall -Wno-unused  -g -DDEBUG -g -DDEBUG    conftest.cpp >&5
configure:7909: $? = 0
configure:7909: result: yes
configure:7909: checking for stdint.h
configure:7909: g++ -c -Wall -Wno-unused  -g -DDEBUG -g -DDEBUG    conftest.cpp >&5
configure:7909: $? = 0
configure:7909: result: yes
configure:7909: checking for unistd.h
configure:7909: g++ -c -Wall -Wno-unused  -g -DDEBUG -g -DDEBUG    conftest.cpp >&5
configure:7909: $? = 0
configure:7909: result: yes
configure:7925: checking iostream usability
configure:7925: g++ -c -Wall -Wno-unused  -g -DDEBUG -g -DDEBUG    conftest.cpp >&5
configure:7925: $? = 0
configure:7925: result: yes
configure:7925: checking iostream presence
configure:7925: g++ -E  conftest.cpp
configure:7925: $? = 0
configure:7925: result: yes
configure:7925: checking for iostream
configure:7925: result: yes
configure:7925: checking strstream usability
configure:7925: g++ -c -Wall -Wno-unused  -g -DDEBUG -g -DDEBUG    conftest.cpp >&5
In file included from /usr/include/c++/4.8/backward/strstream:51:0,
                 from conftest.cpp:63:
/usr/include/c++/4.8/backward/backward_warning.h:32:2: warning: #warning This file includes at least one deprecated or antiquated header which may be removed without further notice at a future date. Please use a non-deprecated interface with equivalent functionality instead. For a listing of replacement headers and interfaces, consult the file backward_warning.h. To disable this warning use -Wno-deprecated. [-Wcpp]
 #warning \
  ^
configure:7925: $? = 0
configure:7925: result: yes
configure:7925: checking strstream presence
configure:7925: g++ -E  conftest.cpp
In file included from /usr/include/c++/4.8/backward/strstream:51:0,
                 from conftest.cpp:30:
/usr/include/c++/4.8/backward/backward_warning.h:32:2: warning: #warning This file includes at least one deprecated or antiquated header which may be removed without further notice at a future date. Please use a non-deprecated interface with equivalent functionality instead. For a listing of replacement headers and interfaces, consult the file backward_warning.h. To disable this warning use -Wno-deprecated. [-Wcpp]
 #warning \
  ^
configure:7925: $? = 0
configure:7925: result: yes
configure:7925: checking for strstream
configure:7925: result: yes
configure:7925: checking fstream usability
configure:7925: g++ -c -Wall -Wno-unused  -g -DDEBUG -g -DDEBUG    conftest.cpp >&5
configure:7925: $? = 0
configure:7925: result: yes
configure:7925: checking fstream presence
configure:7925: g++ -E  conftest.cpp
configure:7925: $? = 0
configure:7925: result: yes
configure:7925: checking for fstream
configure:7925: result: yes
configure:7925: checking sstream usability
configure:7925: g++ -c -Wall -Wno-unused  -g -DDEBUG -g -DDEBUG    conftest.cpp >&5
configure:7925: $? = 0
configure:7925: result: yes
configure:7925: checking sstream presence
configure:7925: g++ -E  conftest.cpp
configure:7925: $? = 0
configure:7925: result: yes
configure:7925: checking for sstream
configure:7925: result: yes
configure:7944: checking for size_t
configure:7944: gcc -c -Wall -Wno-unused -Wno-uninitialized  -g -DDEBUG -g -DDEBUG   conftest.c >&5
configure:7944: $? = 0
configure:7944: gcc -c -Wall -Wno-unused -Wno-uninitialized  -g -DDEBUG -g -DDEBUG   conftest.c >&5
conftest.c: In function 'main':
conftest.c:69:21: error: expected expression before ')' token
 if (sizeof ((size_t)))
                     ^
configure:7944: $? = 1
configure: failed program was:
| /* confdefs.h */
| #define PACKAGE_NAME ""
| #define PACKAGE_TARNAME ""
| #define PACKAGE_VERSION ""
| #define PACKAGE_STRING ""
| #define PACKAGE_BUGREPORT ""
| #define PACKAGE_URL ""
| #define PACKAGE "oopic"
| #define VERSION "2.6"
| #define HOSTTYPE "x86_64-unknown-linux-gnu"
| #define TIME_WITH_SYS_TIME 1
| #define CXX "g++"
| #define CXX_VERSION "g++"
| #define CXX_OPTIFLAGS "-g -DDEBUG"
| #define CXX_SHAREDLIBFLAGS "-shared"
| #define TOP_BUILDDIR "/home/ik/technion_position/Research/PIC/xoopic_bohm1"
| #define TOP_SRCDIR "/home/ik/technion_position/Research/PIC/xoopic_bohm1"
| #define STDC_HEADERS 1
| #define HAVE_SYS_TYPES_H 1
| #define HAVE_SYS_STAT_H 1
| #define HAVE_STDLIB_H 1
| #define HAVE_STRING_H 1
| #define HAVE_MEMORY_H 1
| #define HAVE_STRINGS_H 1
| #define HAVE_INTTYPES_H 1
| #define HAVE_STDINT_H 1
| #define HAVE_UNISTD_H 1
| #define HAVE_IOSTREAM 1
| #define HAVE_STRSTREAM 1
| #define HAVE_FSTREAM 1
| #define HAVE_SSTREAM 1
| /* end confdefs.h.  */
| #include <stdio.h>
| #ifdef HAVE_SYS_TYPES_H
| # include <sys/types.h>
| #endif
| #ifdef HAVE_SYS_STAT_H
| # include <sys/stat.h>
| #endif
| #ifdef STDC_HEADERS
| # include <stdlib.h>
| # include <stddef.h>
| #else
| # ifdef HAVE_STDLIB_H
| #  include <stdlib.h>
| # endif
| #endif
| #ifdef HAVE_STRING_H
| # if !defined STDC_HEADERS && defined HAVE_MEMORY_H
| #  include <memory.h>
| # endif
| # include <string.h>
| #endif
| #ifdef HAVE_STRINGS_H
| # include <strings.h>
| #endif
| #ifdef HAVE_INTTYPES_H
| # include <inttypes.h>
| #endif
| #ifdef HAVE_STDINT_H
| # include <stdint.h>
| #endif
| #ifdef HAVE_UNISTD_H
| # include <unistd.h>
| #endif
| int
| main ()
| {
| if (sizeof ((size_t)))
| 	    return 0;
|   ;
|   return 0;
| }
configure:7944: result: yes
configure:7955: checking whether struct tm is in sys/time.h or time.h
configure:7975: gcc -c -Wall -Wno-unused -Wno-uninitialized  -g -DDEBUG -g -DDEBUG   conftest.c >&5
configure:7975: $? = 0
configure:7982: result: time.h
configure:8001: checking whether c++ compiler supports exception handling
configure:8022: g++ -c -Wall -Wno-unused  -g -DDEBUG -g -DDEBUG    conftest.cpp >&5
configure:8025: $? = 0
configure:8043: result: yes
configure:8053: checking whether c++ compiler supports typename
configure:8075: g++ -c -Wall -Wno-unused  -g -DDEBUG -g -DDEBUG    conftest.cpp >&5
configure:8078: $? = 0
configure:8096: result: yes
configure:8106: checking whether c++ compiler can explicitly instantiate templates
configure:8126: g++ -c -Wall -Wno-unused  -g -DDEBUG -g -DDEBUG    conftest.cpp >&5
configure:8129: $? = 0
configure:8147: result: yes
configure:8157: checking whether c++ compiler supports RTTI
configure:8179: g++ -c -Wall -Wno-unused  -g -DDEBUG -g -DDEBUG    conftest.cpp >&5
configure:8182: $? = 0
configure:8200: result: yes
configure:8211: checking whether c++ compiler supports namespaces
configure:8231: g++ -c -Wall -Wno-unused  -g -DDEBUG -g -DDEBUG    conftest.cpp >&5
configure:8234: $? = 0
configure:8252: result: yes
configure:8265: checking whether c++ compiler has complex in the namespace std
configure:8286: g++ -c -Wall -Wno-unused  -g -DDEBUG -g -DDEBUG    conftest.cpp >&5
configure:8289: $? = 0
configure:8307: result: yes
configure:8321: checking whether c++ compiler has streams in the namespace std
configure:8344: g++ -c -Wall -Wno-unused  -g -DDEBUG -g -DDEBUG    conftest.cpp >&5
configure:8347: $? = 0
configure:8373: result: yes
configure:8387: checking whether c++ compiler can overload const type conversions
configure:8411: g++ -c -Wall -Wno-unused  -g -DDEBUG -g -DDEBUG    conftest.cpp >&5
configure:8414: $? = 0
configure:8438: g++ -c -Wall -Wno-unused  -g -DDEBUG -g -DDEBUG    conftest.cpp >&5
configure:8441: $? = 0
configure:8460: result: yes
configure:8471: checking whether c++ compiler knows mutable
configure:8491: g++ -c -Wall -Wno-unused  -g -DDEBUG -g -DDEBUG    conftest.cpp >&5
configure:8494: $? = 0
configure:8512: result: yes
configure:8523: checking whether template friends need brackets
configure:8545: g++ -c -Wall -Wno-unused  -g -DDEBUG -g -DDEBUG    conftest.cpp >&5
configure:8548: $? = 0
configure:8566: result: yes
configure:8577: checking whether nontype template operators are allowed
configure:8601: g++ -c -Wall -Wno-unused  -g -DDEBUG -g -DDEBUG    conftest.cpp >&5
configure:8593:23: error: declaration of 'operator<<' as non-function
 template <int d> class X {
                       ^
configure:8593:23: error: expected ';' at end of member declaration
configure:8593:26: error: expected unqualified-id before '<' token
 template <int d> class X {
                          ^
configure:8604: $? = 1
configure:8622: result: no
configure:8633: checking whether static variables can be declared generally
configure:8709: g++ -o conftest -Wall -Wno-unused  -g -DDEBUG -g -DDEBUG      conftest.cpp  >&5
configure:8709: $? = 0
configure:8723: result: yes
configure:9339: checking whether make sets $(MAKE)
configure:9361: result: yes
configure:9371: checking whether ln -s works
configure:9375: result: yes
configure:9425: checking for ranlib
configure:9441: found /usr/bin/ranlib
configure:9452: result: ranlib
configure:9476: checking what the library suffix is
configure:9483: result: .a
configure:9487: checking how to install libraries
configure:9501: result: with ${INSTALL} -m 644
configure:9524: WARNING: x11.m4 is obsolete.  Please use AC_PATH_X or AC_PATH_XTRA.
configure:9543: checking for X11/Xlib.h
configure:9561: found /usr/include/X11/Xlib.h
configure:9573: result: /usr/include/X11/Xlib.h
configure:9614: checking for libX11.a
configure:9632: found /usr/lib/x86_64-linux-gnu/libX11.a
configure:9644: result: /usr/lib/x86_64-linux-gnu/libX11.a
configure:9689: checking for libXpm.a
configure:9708: found /usr/lib/x86_64-linux-gnu/libXpm.a
configure:9720: result: /usr/lib/x86_64-linux-gnu/libXpm.a
configure:9941: checking for xgscalar.h
configure:9959: found /home/ik/technion_position/Research/PIC/xgrafix_org/src/xgscalar.h
configure:9971: result: /home/ik/technion_position/Research/PIC/xgrafix_org/src/xgscalar.h
configure:9992: checking for SCALAR in /home/ik/technion_position/Research/PIC/xgrafix_org/src/xgscalar.h
configure:10006: result: #define SCALAR double
configure:10110: checking for tclsh
configure:10129: found /usr/bin/tclsh
configure:10141: result: /usr/bin/tclsh
configure:10186: checking for tclConfig.sh
configure:10204: found /usr/lib/tcl8.4//tclConfig.sh
configure:10216: result: /usr/lib/tcl8.4//tclConfig.sh
configure:10244: checking for tkConfig.sh
configure:10265: result: /usr/lib/tk8.4//tkConfig.sh
configure:10282: checking for libtcl8.4.a
configure:10301: found /usr/lib/libtcl8.4.a
configure:10313: result: /usr/lib/libtcl8.4.a
configure:10384: checking for libtk8.4.a
configure:10403: found /usr/lib/libtk8.4.a
configure:10415: result: /usr/lib/libtk8.4.a
configure:10515: checking for up-to-date Tcl version in tcl.h
configure:10567: result: 8.4
configure:10583: checking for up-to-date Tk version in tk.h
conftest.c:38:55: fatal error: /usr/include/tk8.4--with-SCALAR=double/tk.h: No such file or directory
 #include "/usr/include/tk8.4--with-SCALAR=double/tk.h"
                                                       ^
compilation terminated.
configure:10601: result: 8.4
configure:10685: checking for dfftw.h
configure:10718: result: no
configure:10728: WARNING: dfftw.h not found in /home/ik/include:/usr/local/fftw/include:/loc/fftw/include:/local/fftw/include:/usr/common/usg/include:/usr/include.  Set location with --with-dfftw-incdir=
configure:10848: checking for sfftw.h
configure:10881: result: no
configure:10891: WARNING: sfftw.h not found in /home/ik/include:/usr/local/fftw/include:/loc/fftw/include:/local/fftw/include:/usr/common/usg/include:.  Set location with --with-sfftw-incdir=
configure:11190: creating ./config.status

## ---------------------- ##
## Running config.status. ##
## ---------------------- ##

This file was extended by config.status, which was
generated by GNU Autoconf 2.65.  Invocation command line was

  CONFIG_FILES    = 
  CONFIG_HEADERS  = 
  CONFIG_LINKS    = 
  CONFIG_COMMANDS = 
  $ ./config.status 

on IKlap

config.status:1007: creating Makefile
config.status:1007: creating otools/Makefile
config.status:1007: creating advisor/Makefile
config.status:1007: creating physics/Makefile
config.status:1007: creating xg/Makefile
config.status:1007: creating config/Makefile
config.status:1007: creating ./config.h
config.status:1227: executing depfiles commands

## ---------------- ##
## Cache variables. ##
## ---------------- ##

ac_cv_build=x86_64-unknown-linux-gnu
ac_cv_c_compiler_gnu=yes
ac_cv_const_type_conversion_overload=yes
ac_cv_cxx_compiler_gnu=yes
ac_cv_disable_fftw=no
ac_cv_env_CCC_set=
ac_cv_env_CCC_value=
ac_cv_env_CC_set=
ac_cv_env_CC_value=
ac_cv_env_CFLAGS_set=
ac_cv_env_CFLAGS_value=
ac_cv_env_CPPFLAGS_set=
ac_cv_env_CPPFLAGS_value=
ac_cv_env_CPP_set=
ac_cv_env_CPP_value=
ac_cv_env_CXXCPP_set=
ac_cv_env_CXXCPP_value=
ac_cv_env_CXXFLAGS_set=
ac_cv_env_CXXFLAGS_value=
ac_cv_env_CXX_set=
ac_cv_env_CXX_value=
ac_cv_env_LDFLAGS_set=
ac_cv_env_LDFLAGS_value=
ac_cv_env_LIBS_set=
ac_cv_env_LIBS_value=
ac_cv_env_build_alias_set=
ac_cv_env_build_alias_value=
ac_cv_env_host_alias_set=
ac_cv_env_host_alias_value=
ac_cv_env_target_alias_set=
ac_cv_env_target_alias_value=
ac_cv_exception_handling=yes
ac_cv_explicit_templates=yes
ac_cv_generally_declared_statics=yes
ac_cv_have_dfftw=no
ac_cv_have_hdf5=no
ac_cv_have_sfftw=no
ac_cv_header_fstream=yes
ac_cv_header_inttypes_h=yes
ac_cv_header_iostream=yes
ac_cv_header_memory_h=yes
ac_cv_header_sstream=yes
ac_cv_header_stdc=yes
ac_cv_header_stdint_h=yes
ac_cv_header_stdlib_h=yes
ac_cv_header_string_h=yes
ac_cv_header_strings_h=yes
ac_cv_header_strstream=yes
ac_cv_header_sys_stat_h=yes
ac_cv_header_sys_types_h=yes
ac_cv_header_time=yes
ac_cv_header_unistd_h=yes
ac_cv_host=x86_64-unknown-linux-gnu
ac_cv_mutable=yes
ac_cv_namespaces=yes
ac_cv_nontype_template_operators=no
ac_cv_objext=o
ac_cv_path_ABSCC=/usr/bin/gcc
ac_cv_path_ABSCXX=/usr/bin/g++
ac_cv_path_ABS_X11LIB_PATH=/usr/lib/x86_64-linux-gnu/libX11.a
ac_cv_path_ABS_XLIB_H_PATH=/usr/include/X11/Xlib.h
ac_cv_path_EGREP='/bin/grep -E'
ac_cv_path_GREP=/bin/grep
ac_cv_path_TCL_LIBDIR_PATH=/usr/lib/libtcl8.4.a
ac_cv_path_TK_LIBDIR_PATH=/usr/lib/libtk8.4.a
ac_cv_path_XGRAFIX_SCALAR_FILE=/home/ik/technion_position/Research/PIC/xgrafix_org/src/xgscalar.h
ac_cv_path_XPM_LIBDIR_PATH=/usr/lib/x86_64-linux-gnu/libXpm.a
ac_cv_path_install='/usr/bin/install -c'
ac_cv_path_mkdir=/bin/mkdir
ac_cv_path_tclconfigsh=/usr/lib/tcl8.4//tclConfig.sh
ac_cv_path_tclsh=/usr/bin/tclsh
ac_cv_prog_AWK=mawk
ac_cv_prog_CPP='gcc -E'
ac_cv_prog_CXXCPP='g++ -E'
ac_cv_prog_ac_ct_CC=gcc
ac_cv_prog_ac_ct_RANLIB=ranlib
ac_cv_prog_cc_c89=
ac_cv_prog_cc_g=yes
ac_cv_prog_cxx_g=yes
ac_cv_prog_make_make_set=yes
ac_cv_rtti=yes
ac_cv_search_strerror='none required'
ac_cv_std_complex=yes
ac_cv_std_streams=yes
ac_cv_struct_tm=time.h
ac_cv_template_friends_need_brackets=yes
ac_cv_type_size_t=yes
ac_cv_typename=yes
am_cv_CC_dependencies_compiler_type=gcc3
am_cv_CXX_dependencies_compiler_type=gcc3

## ----------------- ##
## Output variables. ##
## ----------------- ##

ABSCC='/usr/bin/gcc'
ABSCXX='/usr/bin/g++'
ABSMPICC=''
ABSMPICXX=''
ABSMPIF77=''
ABSMPIF90=''
ABS_X11LIB_PATH='/usr/lib/x86_64-linux-gnu/libX11.a'
ABS_XLIB_H_PATH='/usr/include/X11/Xlib.h'
ACLOCAL='${SHELL} /home/ik/technion_position/Research/PIC/xoopic_bohm1/config/missing --run aclocal-1.11'
AMDEPBACKSLASH='\'
AMDEP_FALSE='#'
AMDEP_TRUE=''
AMTAR='tar'
AR='ar cr'
ARFLAGS=' '
AR_FLAGS=' '
AUTOCONF='${SHELL} /home/ik/technion_position/Research/PIC/xoopic_bohm1/config/missing --run autoconf'
AUTOHEADER='${SHELL} /home/ik/technion_position/Research/PIC/xoopic_bohm1/config/missing --run autoheader'
AUTOMAKE='/home/ik/technion_position/Research/PIC/xoopic_bohm1/config/automake.sh'
AWK='mawk'
CC='gcc'
CCDEPMODE='depmode=gcc3'
CFLAGS='-Wall -Wno-unused -Wno-uninitialized  -g -DDEBUG -g -DDEBUG '
CMODULELIBS=''
COMPDIR='gcc3.1'
CPP='gcc -E'
CPPFLAGS=''
CRAY_INSTANTIATE=''
CXX='g++'
CXXCOMP='g++'
CXXCPP='g++ -E'
CXXDEP='g++ -M >depend.u'
CXXDEPFLAGS='-M'
CXXDEPMODE='depmode=gcc3'
CXXFLAGS='-Wall -Wno-unused  -g -DDEBUG -g -DDEBUG  '
CXXMODULELIBS=''
CXX_FLAGS=''
CXX_LIBDIR='/usr/lib/gcc/x86_64-linux-gnu/4.8'
CXX_LIBFLAG='-Wl,-rpath,/usr/lib/gcc/x86_64-linux-gnu/4.8'
CXX_LTLIBFLAG='-rpath /usr/lib/gcc/x86_64-linux-gnu/4.8'
CXX_OPTIFLAGS='-g -DDEBUG'
CXX_PIC_FLAG='-fPIC'
CXX_REPOSITORY=''
CYGPATH_W='echo'
C_FLAGS=''
C_OPTIFLAGS='-g -DDEBUG'
C_PIC_FLAG='-fPIC'
DB_LIB='-ldb'
DEFINE_MPI=''
DEFINE_MPI_DEBUG=''
DEFINE_NOX=''
DEFINE_SCALAR='-DSCALAR_DOUBLE'
DEFS='-DHAVE_CONFIG_H'
DEPDIR='.deps'
DFFTW_H=''
DFFTW_INC=' '
DFFTW_INCDIR=''
DFFTW_LIB=''
DFFTW_LIBDIR=''
DYNLINK_LIB='-ldl'
ECHO_C=''
ECHO_N='-n'
ECHO_T=''
EGREP='/bin/grep -E'
EXEEXT=''
FFTW_INC=''
FFTW_INCDIR=''
FFTW_LIB=''
GPFS_LIB=''
GREP='/bin/grep'
H5DIFF=''
HAVE_BUNDLES='false'
HDF5_DIR=''
HDF5_H='/usr/include/hdf5.h'
HDF5_INC=''
HDF5_INCDIR='.'
HDF5_INCDIR_SERIAL='/usr/include'
HDF5_INCLUDES=''
HDF5_LIB=''
HDF5_LIBDIR='.'
HDF5_LIBDIR_SERIAL=''
HDF5_LIBS=''
HDF5_LIBS_SERIAL=''
INSTALL_DATA='${INSTALL} -m 644'
INSTALL_LIBRARY='${INSTALL} -m 644'
INSTALL_PROGRAM='${INSTALL}'
INSTALL_SCRIPT='${INSTALL}'
INSTALL_STRIP_PROGRAM='$(install_sh) -c -s'
LDFLAGS=' '
LDWITHMODULE='g++ -Wl,-export-dynamic'
LDWITHMODULE_FLAGS='-Wl,-export-dynamic'
LIBDFFTW_A=''
LIBEXT='.a'
LIBHDF5=''
LIBOBJS=''
LIBS=''
LIBSFFTW_A=''
LINKCMODULE='gcc -shared '
LINKCMODULE_FLAGS='-shared '
LINKCXXMODULE='g++ -shared '
LINKCXXMODULE_FLAGS='-shared '
LINK_DYNAMIC='-Wl,-Bdynamic'
LINK_STATIC='-Wl,-Bstatic'
LN_S='ln -s'
LTLIBOBJS=''
MAINT='#'
MAINTAINER_MODE_FALSE=''
MAINTAINER_MODE_TRUE='#'
MAKEINFO='${SHELL} /home/ik/technion_position/Research/PIC/xoopic_bohm1/config/missing --run makeinfo'
MKDIR_P='/bin/mkdir -p'
MPICC=''
MPICXX=''
MPIF77=''
MPIF90=''
MPI_INCDIR=''
MPI_LIBDIR=''
MPI_RUNLIBFLAG=''
NET_LIBS=''
OBJEXT='o'
OOPIC_TOP_SRCDIR='/home/ik/technion_position/Research/PIC/xoopic_bohm1'
PACKAGE='oopic'
PACKAGE_BUGREPORT=''
PACKAGE_NAME=''
PACKAGE_STRING=''
PACKAGE_TARNAME=''
PACKAGE_URL=''
PACKAGE_VERSION=''
PATH_SEPARATOR=':'
PIC_FLAG='-fpic'
PURIFY_DEFINE=''
PURIFY_PATH=''
RANLIB='ranlib'
RPATH_FLAG='-Wl,-rpath,'
SERIALCC='gcc'
SERIALCXX='g++'
SET_MAKE=''
SFFTW_H=''
SFFTW_INC=' '
SFFTW_INCDIR=''
SFFTW_LIB=''
SFFTW_LIBDIR=''
SHELL='/bin/bash'
SO='.so'
STRIP=''
TCL_INCDIR='/usr/include/tcl8.4/'
TCL_LIB='-L/usr/lib/x86_64-linux-gnu -ltk8.4 -L/usr/lib/x86_64-linux-gnu -ltcl8.4${TCL_DBGX}'
TCL_LIBDIR_PATH='/usr/lib/libtcl8.4.a'
THREAD_LIB='-lpthread'
TK_INCDIR='/usr/include/tk8.4--with-SCALAR=double'
TK_LIBDIR_PATH='/usr/lib/libtk8.4.a'
VERSION='2.6'
X11_INCDIR='/usr/include'
X11_LIB='-lX11'
X11_LIBDIR='/usr/lib/x86_64-linux-gnu'
X11_LIBS=''
XGRAFIX_INCLUDE='-I/home/ik/technion_position/Research/PIC/xgrafix_org/src'
XGRAFIX_INCLUDE_PATH=''
XGRAFIX_LIB='-lXGC250'
XGRAFIX_LIBDIR='/home/ik/technion_position/Research/PIC/xgrafix_org/lib'
XGRAFIX_LIBDIR_PATH=''
XGRAFIX_SCALAR_FILE='/home/ik/technion_position/Research/PIC/xgrafix_org/src/xgscalar.h'
XPM_LIB='-lXpm'
XPM_LIBDIR='/usr/lib/x86_64-linux-gnu'
XPM_LIBDIR_PATH='/usr/lib/x86_64-linux-gnu/libXpm.a'
XT_LIB='-lXt'
ZLIB_DIR=''
Z_LIBDIR=''
abs_top_builddir='/home/ik/technion_position/Research/PIC/xoopic_bohm1'
ac_ct_CC='gcc'
ac_ct_CXX=''
am__EXEEXT_FALSE=''
am__EXEEXT_TRUE='#'
am__fastdepCC_FALSE='#'
am__fastdepCC_TRUE=''
am__fastdepCXX_FALSE='#'
am__fastdepCXX_TRUE=''
am__include='include'
am__isrc=''
am__leading_dot='.'
am__quote=''
am__tar='${AMTAR} chof - "$$tardir"'
am__untar='${AMTAR} xf -'
bindir='${exec_prefix}/bin'
build='x86_64-unknown-linux-gnu'
build_alias=''
build_cpu='x86_64'
build_os='linux-gnu'
build_vendor='unknown'
datadir='${datarootdir}'
datarootdir='${prefix}/share'
docdir='${datarootdir}/doc/${PACKAGE}'
dvidir='${docdir}'
exec_prefix='${prefix}'
host='x86_64-unknown-linux-gnu'
host_alias=''
host_cpu='x86_64'
host_os='linux-gnu'
host_vendor='unknown'
htmldir='${docdir}'
includedir='${prefix}/include'
infodir='${datarootdir}/info'
install_sh='${SHELL} /home/ik/technion_position/Research/PIC/xoopic_bohm1/config/install-sh'
libdir='/usr/lib/x86_64-linux-gnu'
libexecdir='${exec_prefix}/libexec'
localedir='${datarootdir}/locale'
localstatedir='${prefix}/var'
mandir='${datarootdir}/man'
mkdir_p='/bin/mkdir -p'
oldincludedir='/usr/include'
pdfdir='${docdir}'
prefix='/home/ik/technion_position/Research/PIC/xoopic_bohm1'
program_transform_name='s,x,x,'
psdir='${docdir}'
sbindir='${exec_prefix}/sbin'
sharedstatedir='${prefix}/com'
sysconfdir='${prefix}/etc'
target_alias=''
tclconfigsh='/usr/lib/tcl8.4//tclConfig.sh'
tclsh='/usr/bin/tclsh'

## ----------- ##
## confdefs.h. ##
## ----------- ##

/* confdefs.h */
#define PACKAGE_NAME ""
#define PACKAGE_TARNAME ""
#define PACKAGE_VERSION ""
#define PACKAGE_STRING ""
#define PACKAGE_BUGREPORT ""
#define PACKAGE_URL ""
#define PACKAGE "oopic"
#define VERSION "2.6"
#define HOSTTYPE "x86_64-unknown-linux-gnu"
#define TIME_WITH_SYS_TIME 1
#define CXX "g++"
#define CXX_VERSION "g++"
#define CXX_OPTIFLAGS "-g -DDEBUG"
#define CXX_SHAREDLIBFLAGS "-shared"
#define TOP_BUILDDIR "/home/ik/technion_position/Research/PIC/xoopic_bohm1"
#define TOP_SRCDIR "/home/ik/technion_position/Research/PIC/xoopic_bohm1"
#define STDC_HEADERS 1
#define HAVE_SYS_TYPES_H 1
#define HAVE_SYS_STAT_H 1
#define HAVE_STDLIB_H 1
#define HAVE_STRING_H 1
#define HAVE_MEMORY_H 1
#define HAVE_STRINGS_H 1
#define HAVE_INTTYPES_H 1
#define HAVE_STDINT_H 1
#define HAVE_UNISTD_H 1
#define HAVE_IOSTREAM 1
#define HAVE_STRSTREAM 1
#define HAVE_FSTREAM 1
#define HAVE_SSTREAM 1
#define HAVE_NAMESPACES /**/
#define HAVE_STD_COMPLEX 1
#define HAVE_STD_STREAMS 1
#define TEMPLATE_FRIENDS_NEED_BRACKETS 1
#define HAVE_GENERALLY_DECLARED_STATICS 1

configure: exit 0
